[debug] [2025-12-05T11:44:27.053Z] ----------------------------------------------------------------------
[debug] [2025-12-05T11:44:27.057Z] Command:       D:\nodejs\node.exe C:\Users\Nelsi\AppData\Roaming\npm\node_modules\firebase-tools\lib\bin\firebase.js init functions
[debug] [2025-12-05T11:44:27.057Z] CLI Version:   14.27.0
[debug] [2025-12-05T11:44:27.058Z] Platform:      win32
[debug] [2025-12-05T11:44:27.058Z] Node Version:  v22.18.0
[debug] [2025-12-05T11:44:27.058Z] Time:          Fri Dec 05 2025 08:44:27 GMT-0300 (Horário Padrão de Brasília)
[debug] [2025-12-05T11:44:27.059Z] ----------------------------------------------------------------------
[debug] 
[info] 
     ######## #### ########  ######## ########     ###     ######  ########
     ##        ##  ##     ## ##       ##     ##  ##   ##  ##       ##
     ######    ##  ########  ######   ########  #########  ######  ######
     ##        ##  ##    ##  ##       ##     ## ##     ##       ## ##
     ##       #### ##     ## ######## ########  ##     ##  ######  ########

You're about to initialize a Firebase project in this directory:

  D:\

Before we get started, keep in mind:

  * You are initializing within an existing Firebase project directory

[info] 
=== Project Setup
[info] 
[info] First, let's associate this project directory with a Firebase project.
[info] You can create multiple project aliases by running firebase use --add, 
[info] 
[debug] [2025-12-05T11:44:40.947Z] > command requires scopes: ["email","openid","https://www.googleapis.com/auth/cloudplatformprojects.readonly","https://www.googleapis.com/auth/firebase","https://www.googleapis.com/auth/cloud-platform"]
[debug] [2025-12-05T11:44:40.948Z] > authorizing via signed-in user (mphbanshee@gmail.com)
[debug] [2025-12-05T11:44:40.951Z] Checked if tokens are valid: true, expires at: 1764937793662
[debug] [2025-12-05T11:44:40.952Z] Checked if tokens are valid: true, expires at: 1764937793662
[debug] [2025-12-05T11:44:40.954Z] >>> [apiv2][query] GET https://firebase.googleapis.com/v1beta1/projects/testnugkey-scripts [none]
[debug] [2025-12-05T11:44:41.742Z] <<< [apiv2][status] GET https://firebase.googleapis.com/v1beta1/projects/testnugkey-scripts 200
[debug] [2025-12-05T11:44:41.742Z] <<< [apiv2][body] GET https://firebase.googleapis.com/v1beta1/projects/testnugkey-scripts {"projectId":"testnugkey-scripts","projectNumber":"832540335220","displayName":"NugKey Scripts","name":"projects/testnugkey-scripts","resources":{"hostingSite":"testnugkey-scripts"},"state":"ACTIVE","etag":"1_166b0edc-423f-45a0-bed5-6548a4ee55da"}
[info] i  Using project testnugkey-scripts (NugKey Scripts) . 
[info] 
=== Functions Setup
[debug] [2025-12-05T11:44:41.752Z] > command requires scopes: ["email","openid","https://www.googleapis.com/auth/cloudplatformprojects.readonly","https://www.googleapis.com/auth/firebase","https://www.googleapis.com/auth/cloud-platform"]
[debug] [2025-12-05T11:44:41.753Z] > authorizing via signed-in user (mphbanshee@gmail.com)
[debug] [2025-12-05T11:44:41.753Z] [iam] checking project testnugkey-scripts for permissions ["firebase.projects.get"]
[debug] [2025-12-05T11:44:41.753Z] Checked if tokens are valid: true, expires at: 1764937793662
[debug] [2025-12-05T11:44:41.753Z] Checked if tokens are valid: true, expires at: 1764937793662
[debug] [2025-12-05T11:44:41.754Z] >>> [apiv2][query] POST https://cloudresourcemanager.googleapis.com/v1/projects/testnugkey-scripts:testIamPermissions [none]
[debug] [2025-12-05T11:44:41.754Z] >>> [apiv2][(partial)header] POST https://cloudresourcemanager.googleapis.com/v1/projects/testnugkey-scripts:testIamPermissions x-goog-quota-user=projects/testnugkey-scripts
[debug] [2025-12-05T11:44:41.754Z] >>> [apiv2][body] POST https://cloudresourcemanager.googleapis.com/v1/projects/testnugkey-scripts:testIamPermissions {"permissions":["firebase.projects.get"]}
[debug] [2025-12-05T11:44:42.593Z] <<< [apiv2][status] POST https://cloudresourcemanager.googleapis.com/v1/projects/testnugkey-scripts:testIamPermissions 200
[debug] [2025-12-05T11:44:42.593Z] <<< [apiv2][body] POST https://cloudresourcemanager.googleapis.com/v1/projects/testnugkey-scripts:testIamPermissions {"permissions":["firebase.projects.get"]}
[info] 
Detected existing codebase(s): default, y

[info] Let's create a new codebase for your functions.
[info] A directory corresponding to the codebase will be created in your project
[info] with sample code pre-configured.

[info] See https://firebase.google.com/docs/functions/organize-functions for
[info] more information on organizing your functions using codebases.

[info] Functions can be deployed with firebase deploy.

[error] Invalid codebase name. Codebase must be less than 64 characters and can contain only lowercase letters, numeric characters, underscores, and dashes.
[error] Invalid codebase name. Codebase must be less than 64 characters and can contain only lowercase letters, numeric characters, underscores, and dashes.
